\BOOKMARK [0][-]{chapter.1}{Introduction}{}% 1
\BOOKMARK [0][-]{chapter.2}{Preparation}{}% 2
\BOOKMARK [0][-]{chapter.3}{Implementation}{}% 3
\BOOKMARK [1][-]{section.3.1}{Data Preprocessing}{chapter.3}% 4
\BOOKMARK [1][-]{section.3.2}{Route Detection Algorithm}{chapter.3}% 5
\BOOKMARK [2][-]{subsection.3.2.1}{Why an Algorithm is Needed}{section.3.2}% 6
\BOOKMARK [2][-]{subsection.3.2.2}{FollowsPath Predicate Definition}{section.3.2}% 7
\BOOKMARK [2][-]{subsection.3.2.3}{FollowsPath Predicate Implementation}{section.3.2}% 8
\BOOKMARK [1][-]{section.3.3}{Arrival Time Prediction}{chapter.3}% 9
\BOOKMARK [2][-]{subsection.3.3.1}{Basic Idea}{section.3.3}% 10
\BOOKMARK [2][-]{subsection.3.3.2}{Optimisation Nr. 1}{section.3.3}% 11
\BOOKMARK [2][-]{subsection.3.3.3}{Optimisation Nr. 2}{section.3.3}% 12
\BOOKMARK [1][-]{section.3.4}{Real-time System}{chapter.3}% 13
\BOOKMARK [0][-]{chapter.4}{Evaluation}{}% 14
\BOOKMARK [1][-]{section.4.1}{Overview}{chapter.4}% 15
\BOOKMARK [1][-]{section.4.2}{Route Detection Evaluation}{chapter.4}% 16
\BOOKMARK [2][-]{subsection.4.2.1}{Sensitivity Score}{section.4.2}% 17
\BOOKMARK [0][-]{chapter.5}{Conclusion}{}% 18
\BOOKMARK [0][-]{chapter.5}{Bibliography}{}% 19
\BOOKMARK [0][-]{appendix.A}{Links}{}% 20
\BOOKMARK [0][-]{appendix.B}{Detailed Evaluation Results}{}% 21
\BOOKMARK [0][-]{appendix.C}{Project Proposal}{}% 22
