This is pdfTeX, Version 3.14159265-2.6-1.40.16 (TeX Live 2015/Debian) (preloaded format=pdflatex 2016.12.3)  20 MAR 2017 11:06
entering extended mode
 restricted \write18 enabled.
 %&-line parsing enabled.
**dissertation.tex clear
(./dissertation.tex
LaTeX2e <2016/02/01>
Babel <3.9q> and hyphenation patterns for 3 language(s) loaded.
(/usr/share/texlive/texmf-dist/tex/latex/base/report.cls
Document Class: report 2014/09/29 v1.4h Standard LaTeX document class
(/usr/share/texlive/texmf-dist/tex/latex/base/size12.clo
File: size12.clo 2014/09/29 v1.4h Standard LaTeX file (size option)
)
\c@part=\count79
\c@chapter=\count80
\c@section=\count81
\c@subsection=\count82
\c@subsubsection=\count83
\c@paragraph=\count84
\c@subparagraph=\count85
\c@figure=\count86
\c@table=\count87
\abovecaptionskip=\skip41
\belowcaptionskip=\skip42
\bibindent=\dimen102
)
(/usr/share/texlive/texmf-dist/tex/latex/hyperref/hyperref.sty
Package: hyperref 2012/11/06 v6.83m Hypertext links for LaTeX

(/usr/share/texlive/texmf-dist/tex/generic/oberdiek/hobsub-hyperref.sty
Package: hobsub-hyperref 2012/05/28 v1.13 Bundle oberdiek, subset hyperref (HO)


(/usr/share/texlive/texmf-dist/tex/generic/oberdiek/hobsub-generic.sty
Package: hobsub-generic 2012/05/28 v1.13 Bundle oberdiek, subset generic (HO)
Package: hobsub 2012/05/28 v1.13 Construct package bundles (HO)
Package: infwarerr 2010/04/08 v1.3 Providing info/warning/error messages (HO)
Package: ltxcmds 2011/11/09 v1.22 LaTeX kernel commands for general use (HO)
Package: ifluatex 2010/03/01 v1.3 Provides the ifluatex switch (HO)
Package ifluatex Info: LuaTeX not detected.
Package: ifvtex 2010/03/01 v1.5 Detect VTeX and its facilities (HO)
Package ifvtex Info: VTeX not detected.
Package: intcalc 2007/09/27 v1.1 Expandable calculations with integers (HO)
Package: ifpdf 2011/01/30 v2.3 Provides the ifpdf switch (HO)
Package ifpdf Info: pdfTeX in PDF mode is detected.
Package: etexcmds 2011/02/16 v1.5 Avoid name clashes with e-TeX commands (HO)
Package etexcmds Info: Could not find \expanded.
(etexcmds)             That can mean that you are not using pdfTeX 1.50 or
(etexcmds)             that some package has redefined \expanded.
(etexcmds)             In the latter case, load this package earlier.
Package: kvsetkeys 2012/04/25 v1.16 Key value parser (HO)
Package: kvdefinekeys 2011/04/07 v1.3 Define keys (HO)
Package: pdftexcmds 2011/11/29 v0.20 Utility functions of pdfTeX for LuaTeX (HO
)
Package pdftexcmds Info: LuaTeX not detected.
Package pdftexcmds Info: \pdf@primitive is available.
Package pdftexcmds Info: \pdf@ifprimitive is available.
Package pdftexcmds Info: \pdfdraftmode found.
Package: pdfescape 2011/11/25 v1.13 Implements pdfTeX's escape features (HO)
Package: bigintcalc 2012/04/08 v1.3 Expandable calculations on big integers (HO
)
Package: bitset 2011/01/30 v1.1 Handle bit-vector datatype (HO)
Package: uniquecounter 2011/01/30 v1.2 Provide unlimited unique counter (HO)
)
Package hobsub Info: Skipping package `hobsub' (already loaded).
Package: letltxmacro 2010/09/02 v1.4 Let assignment for LaTeX macros (HO)
Package: hopatch 2012/05/28 v1.2 Wrapper for package hooks (HO)
Package: xcolor-patch 2011/01/30 xcolor patch
Package: atveryend 2011/06/30 v1.8 Hooks at the very end of document (HO)
Package atveryend Info: \enddocument detected (standard20110627).
Package: atbegshi 2011/10/05 v1.16 At begin shipout hook (HO)
Package: refcount 2011/10/16 v3.4 Data extraction from label references (HO)
Package: hycolor 2011/01/30 v1.7 Color options for hyperref/bookmark (HO)
)
(/usr/share/texlive/texmf-dist/tex/latex/graphics/keyval.sty
Package: keyval 2014/10/28 v1.15 key=value parser (DPC)
\KV@toks@=\toks14
)
(/usr/share/texlive/texmf-dist/tex/generic/ifxetex/ifxetex.sty
Package: ifxetex 2010/09/12 v0.6 Provides ifxetex conditional
)
(/usr/share/texlive/texmf-dist/tex/latex/oberdiek/auxhook.sty
Package: auxhook 2011/03/04 v1.3 Hooks for auxiliary files (HO)
)
(/usr/share/texlive/texmf-dist/tex/latex/oberdiek/kvoptions.sty
Package: kvoptions 2011/06/30 v3.11 Key value format for package options (HO)
)
\@linkdim=\dimen103
\Hy@linkcounter=\count88
\Hy@pagecounter=\count89

(/usr/share/texlive/texmf-dist/tex/latex/hyperref/pd1enc.def
File: pd1enc.def 2012/11/06 v6.83m Hyperref: PDFDocEncoding definition (HO)
)
\Hy@SavedSpaceFactor=\count90

(/usr/share/texlive/texmf-dist/tex/latex/latexconfig/hyperref.cfg
File: hyperref.cfg 2002/06/06 v1.2 hyperref configuration of TeXLive
)
Package hyperref Info: Hyper figures OFF on input line 4443.
Package hyperref Info: Link nesting OFF on input line 4448.
Package hyperref Info: Hyper index ON on input line 4451.
Package hyperref Info: Plain pages OFF on input line 4458.
Package hyperref Info: Backreferencing OFF on input line 4463.
Package hyperref Info: Implicit mode ON; LaTeX internals redefined.
Package hyperref Info: Bookmarks ON on input line 4688.
\c@Hy@tempcnt=\count91

(/usr/share/texlive/texmf-dist/tex/latex/url/url.sty
\Urlmuskip=\muskip10
Package: url 2013/09/16  ver 3.4  Verb mode for urls, etc.
)
LaTeX Info: Redefining \url on input line 5041.
\XeTeXLinkMargin=\dimen104
\Fld@menulength=\count92
\Field@Width=\dimen105
\Fld@charsize=\dimen106
Package hyperref Info: Hyper figures OFF on input line 6295.
Package hyperref Info: Link nesting OFF on input line 6300.
Package hyperref Info: Hyper index ON on input line 6303.
Package hyperref Info: backreferencing OFF on input line 6310.
Package hyperref Info: Link coloring OFF on input line 6315.
Package hyperref Info: Link coloring with OCG OFF on input line 6320.
Package hyperref Info: PDF/A mode OFF on input line 6325.
LaTeX Info: Redefining \ref on input line 6365.
LaTeX Info: Redefining \pageref on input line 6369.
\Hy@abspage=\count93
\c@Item=\count94
\c@Hfootnote=\count95
)

Package hyperref Message: Driver (autodetected): hpdftex.

(/usr/share/texlive/texmf-dist/tex/latex/hyperref/hpdftex.def
File: hpdftex.def 2012/11/06 v6.83m Hyperref driver for pdfTeX
\Fld@listcount=\count96
\c@bookmark@seq@number=\count97

(/usr/share/texlive/texmf-dist/tex/latex/oberdiek/rerunfilecheck.sty
Package: rerunfilecheck 2011/04/15 v1.7 Rerun checks for auxiliary files (HO)
Package uniquecounter Info: New unique counter `rerunfilecheck' on input line 2
82.
)
\Hy@SectionHShift=\skip43
)
(/usr/share/texlive/texmf-dist/tex/latex/geometry/geometry.sty
Package: geometry 2010/09/12 v5.6 Page Geometry
\Gm@cnth=\count98
\Gm@cntv=\count99
\c@Gm@tempcnt=\count100
\Gm@bindingoffset=\dimen107
\Gm@wd@mp=\dimen108
\Gm@odd@mp=\dimen109
\Gm@even@mp=\dimen110
\Gm@layoutwidth=\dimen111
\Gm@layoutheight=\dimen112
\Gm@layouthoffset=\dimen113
\Gm@layoutvoffset=\dimen114
\Gm@dimlist=\toks15
)
(/usr/share/texlive/texmf-dist/tex/latex/graphics/color.sty
Package: color 2016/01/03 v1.1b Standard LaTeX Color (DPC)

(/usr/share/texlive/texmf-dist/tex/latex/latexconfig/color.cfg
File: color.cfg 2007/01/18 v1.5 color configuration of teTeX/TeXLive
)
Package color Info: Driver file: pdftex.def on input line 143.

(/usr/share/texlive/texmf-dist/tex/latex/pdftex-def/pdftex.def
File: pdftex.def 2011/05/27 v0.06d Graphics/color for pdfTeX
\Gread@gobject=\count101
))
(/usr/share/texlive/texmf-dist/tex/latex/graphics/graphicx.sty
Package: graphicx 2014/10/28 v1.0g Enhanced LaTeX Graphics (DPC,SPQR)

(/usr/share/texlive/texmf-dist/tex/latex/graphics/graphics.sty
Package: graphics 2016/01/03 v1.0q Standard LaTeX Graphics (DPC,SPQR)

(/usr/share/texlive/texmf-dist/tex/latex/graphics/trig.sty
Package: trig 2016/01/03 v1.10 sin cos tan (DPC)
)
(/usr/share/texlive/texmf-dist/tex/latex/latexconfig/graphics.cfg
File: graphics.cfg 2010/04/23 v1.9 graphics configuration of TeX Live
)
Package graphics Info: Driver file: pdftex.def on input line 95.
)
\Gin@req@height=\dimen115
\Gin@req@width=\dimen116
)
(/usr/share/texlive/texmf-dist/tex/latex/tools/verbatim.sty
Package: verbatim 2014/10/28 v1.5q LaTeX2e package for verbatim enhancements
\every@verbatim=\toks16
\verbatim@line=\toks17
\verbatim@in@stream=\read1
) (./docmute.sty
Package: docmute 2012/03/22 v1.4 Input stand-alone documents
)
(/usr/share/texlive/texmf-dist/tex/latex/pdfpages/pdfpages.sty
Package: pdfpages 2015/09/18 v0.5d Insert pages of external PDF documents (AM)

(/usr/share/texlive/texmf-dist/tex/latex/base/ifthen.sty
Package: ifthen 2014/09/29 v1.1c Standard LaTeX ifthen package (DPC)
)
(/usr/share/texlive/texmf-dist/tex/latex/tools/calc.sty
Package: calc 2014/10/28 v4.3 Infix arithmetic (KKT,FJ)
\calc@Acount=\count102
\calc@Bcount=\count103
\calc@Adimen=\dimen117
\calc@Bdimen=\dimen118
\calc@Askip=\skip44
\calc@Bskip=\skip45
LaTeX Info: Redefining \setlength on input line 80.
LaTeX Info: Redefining \addtolength on input line 81.
\calc@Ccount=\count104
\calc@Cskip=\skip46
)
(/usr/share/texlive/texmf-dist/tex/latex/eso-pic/eso-pic.sty
Package: eso-pic 2015/07/21 v2.0g eso-pic (RN)
)
\AM@pagewidth=\dimen119
\AM@pageheight=\dimen120

(/usr/share/texlive/texmf-dist/tex/latex/pdfpages/pppdftex.def
File: pppdftex.def 2015/09/18 v0.5d Pdfpages driver for pdfTeX (AM)
)
\AM@pagebox=\box26
\AM@toc@title=\toks18
\c@AM@survey=\count105
\AM@templatesizebox=\box27
)
(./dissertation.aux)
\openout1 = `dissertation.aux'.

LaTeX Font Info:    Checking defaults for OML/cmm/m/it on input line 25.
LaTeX Font Info:    ... okay on input line 25.
LaTeX Font Info:    Checking defaults for T1/cmr/m/n on input line 25.
LaTeX Font Info:    ... okay on input line 25.
LaTeX Font Info:    Checking defaults for OT1/cmr/m/n on input line 25.
LaTeX Font Info:    ... okay on input line 25.
LaTeX Font Info:    Checking defaults for OMS/cmsy/m/n on input line 25.
LaTeX Font Info:    ... okay on input line 25.
LaTeX Font Info:    Checking defaults for OMX/cmex/m/n on input line 25.
LaTeX Font Info:    ... okay on input line 25.
LaTeX Font Info:    Checking defaults for U/cmr/m/n on input line 25.
LaTeX Font Info:    ... okay on input line 25.
LaTeX Font Info:    Checking defaults for PD1/pdf/m/n on input line 25.
LaTeX Font Info:    ... okay on input line 25.
\AtBeginShipoutBox=\box28
Package hyperref Info: Link coloring OFF on input line 25.

(/usr/share/texlive/texmf-dist/tex/latex/hyperref/nameref.sty
Package: nameref 2012/10/27 v2.43 Cross-referencing by name of section

(/usr/share/texlive/texmf-dist/tex/generic/oberdiek/gettitlestring.sty
Package: gettitlestring 2010/12/03 v1.4 Cleanup title references (HO)
)
\c@section@level=\count106
)
LaTeX Info: Redefining \ref on input line 25.
LaTeX Info: Redefining \pageref on input line 25.
LaTeX Info: Redefining \nameref on input line 25.

(./dissertation.out) (./dissertation.out)
\@outlinefile=\write3
\openout3 = `dissertation.out'.


*geometry* driver: auto-detecting
*geometry* detected driver: pdftex
*geometry* verbose mode - [ preamble ] result:
* driver: pdftex
* paper: a4paper
* layout: <same size as paper>
* layoutoffset:(h,v)=(0.0pt,0.0pt)
* modes: 
* h-part:(L,W,R)=(42.67912pt, 512.14963pt, 42.67912pt)
* v-part:(T,H,B)=(42.67912pt, 759.6886pt, 42.67912pt)
* \paperwidth=597.50787pt
* \paperheight=845.04684pt
* \textwidth=512.14963pt
* \textheight=759.6886pt
* \oddsidemargin=-29.59087pt
* \evensidemargin=-29.59087pt
* \topmargin=-66.59087pt
* \headheight=12.0pt
* \headsep=25.0pt
* \topskip=12.0pt
* \footskip=30.0pt
* \marginparwidth=35.0pt
* \marginparsep=10.0pt
* \columnsep=10.0pt
* \skip\footins=10.8pt plus 4.0pt minus 2.0pt
* \hoffset=0.0pt
* \voffset=0.0pt
* \mag=1000
* \@twocolumnfalse
* \@twosidefalse
* \@mparswitchfalse
* \@reversemarginfalse
* (1in=72.27pt=25.4mm, 1cm=28.453pt)

(/usr/share/texlive/texmf-dist/tex/context/base/supp-pdf.mkii
[Loading MPS to PDF converter (version 2006.09.02).]
\scratchcounter=\count107
\scratchdimen=\dimen121
\scratchbox=\box29
\nofMPsegments=\count108
\nofMParguments=\count109
\everyMPshowfont=\toks19
\MPscratchCnt=\count110
\MPscratchDim=\dimen122
\MPnumerator=\count111
\makeMPintoPDFobject=\count112
\everyMPtoPDFconversion=\toks20
) (/usr/share/texlive/texmf-dist/tex/latex/oberdiek/epstopdf-base.sty
Package: epstopdf-base 2010/02/09 v2.5 Base part for package epstopdf

(/usr/share/texlive/texmf-dist/tex/latex/oberdiek/grfext.sty
Package: grfext 2010/08/19 v1.1 Manage graphics extensions (HO)
)
Package grfext Info: Graphics extension search list:
(grfext)             [.png,.pdf,.jpg,.mps,.jpeg,.jbig2,.jb2,.PNG,.PDF,.JPG,.JPE
G,.JBIG2,.JB2,.eps]
(grfext)             \AppendGraphicsExtensions on input line 452.

(/usr/share/texlive/texmf-dist/tex/latex/latexconfig/epstopdf-sys.cfg
File: epstopdf-sys.cfg 2010/07/13 v1.3 Configuration of (r)epstopdf for TeX Liv
e
))
(/usr/share/texlive/texmf-dist/tex/latex/oberdiek/pdflscape.sty
Package: pdflscape 2008/08/11 v0.10 Display of landscape pages in PDF (HO)

(/usr/share/texlive/texmf-dist/tex/latex/graphics/lscape.sty
Package: lscape 2000/10/22 v3.01 Landscape Pages (DPC)
)
Package pdflscape Info: Auto-detected driver: pdftex on input line 80.
)
\docmute@nestinglevel=\count113
 [1

{/var/lib/texmf/fonts/map/pdftex/updmap/pdftex.map}]
LaTeX Font Info:    External font `cmex10' loaded for size
(Font)              <14.4> on input line 57.
LaTeX Font Info:    External font `cmex10' loaded for size
(Font)              <7> on input line 57.
 [2] (./dissertation.toc
LaTeX Font Info:    External font `cmex10' loaded for size
(Font)              <12> on input line 2.
LaTeX Font Info:    External font `cmex10' loaded for size
(Font)              <8> on input line 2.
LaTeX Font Info:    External font `cmex10' loaded for size
(Font)              <6> on input line 2.
)
\tf@toc=\write4
\openout4 = `dissertation.toc'.

 [3

]
Chapter 1.
<figs/problem_overview.png, id=140, 1249.66875pt x 660.4675pt>
File: figs/problem_overview.png Graphic file (type png)

<use figs/problem_overview.png>
Package pdftex.def Info: figs/problem_overview.png used on input line 115.
(pdftex.def)             Requested size: 512.14963pt x 270.68257pt.

Underfull \hbox (badness 10000) in paragraph at lines 115--116

 []


Underfull \hbox (badness 10000) in paragraph at lines 118--119

 []

[4

 <./figs/problem_overview.png>]
Chapter 2.
[5

]
Chapter 3.
LaTeX Font Info:    External font `cmex10' loaded for size
(Font)              <5> on input line 179.
[6] <figs/cuarms.pdf, id=170, 60.225pt x 72.27pt>
File: figs/cuarms.pdf Graphic file (type pdf)
 <use figs/cuarms.pdf>
Package pdftex.def Info: figs/cuarms.pdf used on input line 276.
(pdftex.def)             Requested size: 60.22484pt x 72.2698pt.

<figs/diagram.pdf, id=171, 458.71375pt x 336.25626pt>
File: figs/diagram.pdf Graphic file (type pdf)
 <use figs/diagram.pdf>
Package pdftex.def Info: figs/diagram.pdf used on input line 289.
(pdftex.def)             Requested size: 458.71263pt x 336.25543pt.

[7] [8 <./figs/cuarms.pdf>] [9 <./figs/diagram.pdf>]
Chapter 4.
[10

]
Chapter 5.

Underfull \hbox (badness 10000) in paragraph at lines 312--315

 []

No file dissertation.bbl.
[11

]
Appendix A.
No file diss.tex.
File: proposal.tex  (verbatim)
[12

] [13] [14]
Appendix B.
No file makefile.txt.
File: refs.bib  (verbatim)
[15

]
Appendix C.
<proposal.pdf, id=227, 614.295pt x 794.97pt>
File: proposal.pdf Graphic file (type pdf)
 <use proposal.pdf>
Package pdftex.def Info: proposal.pdf used on input line 345.
(pdftex.def)             Requested size: 614.29349pt x 794.96806pt.
File: proposal.pdf Graphic file (type pdf)

<use proposal.pdf>
Package pdftex.def Info: proposal.pdf used on input line 345.
(pdftex.def)             Requested size: 614.29349pt x 794.96806pt.
 <proposal.pdf, id=230, page=1, 614.295pt x 794.97pt>
File: proposal.pdf Graphic file (type pdf)

<use proposal.pdf, page 1>
Package pdftex.def Info: proposal.pdf, page1 used on input line 345.
(pdftex.def)             Requested size: 614.29349pt x 794.96806pt.
File: proposal.pdf Graphic file (type pdf)
 <use proposal.pdf, page 1>
Package pdftex.def Info: proposal.pdf, page1 used on input line 345.
(pdftex.def)             Requested size: 597.78697pt x 773.60669pt.
 [16

]
File: proposal.pdf Graphic file (type pdf)

<use proposal.pdf, page 1>
Package pdftex.def Info: proposal.pdf, page1 used on input line 345.
(pdftex.def)             Requested size: 597.78697pt x 773.60669pt.
File: proposal.pdf Graphic file (type pdf)
 <use proposal.pdf, page 1>
Package pdftex.def Info: proposal.pdf, page1 used on input line 345.
(pdftex.def)             Requested size: 597.78697pt x 773.60669pt.
File: proposal.pdf Graphic file (type pdf)

<use proposal.pdf, page 1>
Package pdftex.def Info: proposal.pdf, page1 used on input line 345.
(pdftex.def)             Requested size: 597.78697pt x 773.60669pt.
 [17 <./proposal.pdf

pdfTeX warning: pdflatex (file ./proposal.pdf): PDF inclusion: invalid other re
source which is no dict (key 'ProcSets', type <array>); ignored.
>] <proposal.pdf, id=257, page=2, 614.295pt x 794.97pt>
File: proposal.pdf Graphic file (type pdf)

<use proposal.pdf, page 2>
Package pdftex.def Info: proposal.pdf, page2 used on input line 345.
(pdftex.def)             Requested size: 597.78697pt x 773.60669pt.
File: proposal.pdf Graphic file (type pdf)
 <use proposal.pdf, page 2>
Package pdftex.def Info: proposal.pdf, page2 used on input line 345.
(pdftex.def)             Requested size: 597.78697pt x 773.60669pt.
File: proposal.pdf Graphic file (type pdf)

<use proposal.pdf, page 2>
Package pdftex.def Info: proposal.pdf, page2 used on input line 345.
(pdftex.def)             Requested size: 597.78697pt x 773.60669pt.
 [18 <./proposal.pdf

pdfTeX warning: pdflatex (file ./proposal.pdf): PDF inclusion: invalid other re
source which is no dict (key 'ProcSets', type <array>); ignored.
>] <proposal.pdf, id=294, page=3, 614.295pt x 794.97pt>
File: proposal.pdf Graphic file (type pdf)

<use proposal.pdf, page 3>
Package pdftex.def Info: proposal.pdf, page3 used on input line 345.
(pdftex.def)             Requested size: 597.78697pt x 773.60669pt.
File: proposal.pdf Graphic file (type pdf)
 <use proposal.pdf, page 3>
Package pdftex.def Info: proposal.pdf, page3 used on input line 345.
(pdftex.def)             Requested size: 597.78697pt x 773.60669pt.
File: proposal.pdf Graphic file (type pdf)

<use proposal.pdf, page 3>
Package pdftex.def Info: proposal.pdf, page3 used on input line 345.
(pdftex.def)             Requested size: 597.78697pt x 773.60669pt.
 [19 <./proposal.pdf

pdfTeX warning: pdflatex (file ./proposal.pdf): PDF inclusion: invalid other re
source which is no dict (key 'ProcSets', type <array>); ignored.
>] <proposal.pdf, id=310, page=4, 614.295pt x 794.97pt>
File: proposal.pdf Graphic file (type pdf)

<use proposal.pdf, page 4>
Package pdftex.def Info: proposal.pdf, page4 used on input line 345.
(pdftex.def)             Requested size: 597.78697pt x 773.60669pt.
File: proposal.pdf Graphic file (type pdf)
 <use proposal.pdf, page 4>
Package pdftex.def Info: proposal.pdf, page4 used on input line 345.
(pdftex.def)             Requested size: 597.78697pt x 773.60669pt.
File: proposal.pdf Graphic file (type pdf)

<use proposal.pdf, page 4>
Package pdftex.def Info: proposal.pdf, page4 used on input line 345.
(pdftex.def)             Requested size: 597.78697pt x 773.60669pt.
 [20 <./proposal.pdf

pdfTeX warning: pdflatex (file ./proposal.pdf): PDF inclusion: invalid other re
source which is no dict (key 'ProcSets', type <array>); ignored.
>] <proposal.pdf, id=315, page=5, 614.295pt x 794.97pt>
File: proposal.pdf Graphic file (type pdf)

<use proposal.pdf, page 5>
Package pdftex.def Info: proposal.pdf, page5 used on input line 345.
(pdftex.def)             Requested size: 597.78697pt x 773.60669pt.
File: proposal.pdf Graphic file (type pdf)
 <use proposal.pdf, page 5>
Package pdftex.def Info: proposal.pdf, page5 used on input line 345.
(pdftex.def)             Requested size: 597.78697pt x 773.60669pt.
File: proposal.pdf Graphic file (type pdf)

<use proposal.pdf, page 5>
Package pdftex.def Info: proposal.pdf, page5 used on input line 345.
(pdftex.def)             Requested size: 597.78697pt x 773.60669pt.
 [21 <./proposal.pdf

pdfTeX warning: pdflatex (file ./proposal.pdf): PDF inclusion: invalid other re
source which is no dict (key 'ProcSets', type <array>); ignored.
>] <proposal.pdf, id=320, page=6, 614.295pt x 794.97pt>
File: proposal.pdf Graphic file (type pdf)

<use proposal.pdf, page 6>
Package pdftex.def Info: proposal.pdf, page6 used on input line 345.
(pdftex.def)             Requested size: 597.78697pt x 773.60669pt.
File: proposal.pdf Graphic file (type pdf)
 <use proposal.pdf, page 6>
Package pdftex.def Info: proposal.pdf, page6 used on input line 345.
(pdftex.def)             Requested size: 597.78697pt x 773.60669pt.
File: proposal.pdf Graphic file (type pdf)

<use proposal.pdf, page 6>
Package pdftex.def Info: proposal.pdf, page6 used on input line 345.
(pdftex.def)             Requested size: 597.78697pt x 773.60669pt.
 [22 <./proposal.pdf

pdfTeX warning: pdflatex (file ./proposal.pdf): PDF inclusion: invalid other re
source which is no dict (key 'ProcSets', type <array>); ignored.
>] <proposal.pdf, id=325, page=7, 614.295pt x 794.97pt>
File: proposal.pdf Graphic file (type pdf)

<use proposal.pdf, page 7>
Package pdftex.def Info: proposal.pdf, page7 used on input line 345.
(pdftex.def)             Requested size: 597.78697pt x 773.60669pt.
File: proposal.pdf Graphic file (type pdf)
 <use proposal.pdf, page 7>
Package pdftex.def Info: proposal.pdf, page7 used on input line 345.
(pdftex.def)             Requested size: 597.78697pt x 773.60669pt.
File: proposal.pdf Graphic file (type pdf)

<use proposal.pdf, page 7>
Package pdftex.def Info: proposal.pdf, page7 used on input line 345.
(pdftex.def)             Requested size: 597.78697pt x 773.60669pt.
 [23 <./proposal.pdf

pdfTeX warning: pdflatex (file ./proposal.pdf): PDF inclusion: invalid other re
source which is no dict (key 'ProcSets', type <array>); ignored.
>]
Package atveryend Info: Empty hook `BeforeClearDocument' on input line 347.
Package atveryend Info: Empty hook `AfterLastShipout' on input line 347.
 (./dissertation.aux)
Package atveryend Info: Executing hook `AtVeryEndDocument' on input line 347.
Package atveryend Info: Executing hook `AtEndAfterFileList' on input line 347.
Package rerunfilecheck Info: File `dissertation.out' has not changed.
(rerunfilecheck)             Checksum: A508F77BDEEC29CC689B9B59BCCB0EC4;1289.
Package atveryend Info: Empty hook `AtVeryVeryEnd' on input line 347.
 ) 
Here is how much of TeX's memory you used:
 6470 strings out of 494953
 96402 string characters out of 6180977
 190108 words of memory out of 5000000
 9633 multiletter control sequences out of 15000+600000
 10878 words of font info for 39 fonts, out of 8000000 for 9000
 14 hyphenation exceptions out of 8191
 40i,18n,46p,281b,469s stack positions out of 5000i,500n,10000p,200000b,80000s
</usr/share/texlive/texmf-dist/fonts/type1/public/amsfonts/cm/cmbx12.pfb></us
r/share/texlive/texmf-dist/fonts/type1/public/amsfonts/cm/cmr10.pfb></usr/share
/texlive/texmf-dist/fonts/type1/public/amsfonts/cm/cmr12.pfb></usr/share/texliv
e/texmf-dist/fonts/type1/public/amsfonts/cm/cmr17.pfb></usr/share/texlive/texmf
-dist/fonts/type1/public/amsfonts/cm/cmr7.pfb></usr/share/texlive/texmf-dist/fo
nts/type1/public/amsfonts/cm/cmr8.pfb></usr/share/texlive/texmf-dist/fonts/type
1/public/amsfonts/cm/cmsl12.pfb></usr/share/texlive/texmf-dist/fonts/type1/publ
ic/amsfonts/cm/cmtt10.pfb></usr/share/texlive/texmf-dist/fonts/type1/public/ams
fonts/cm/cmtt12.pfb></usr/share/texlive/texmf-dist/fonts/type1/public/amsfonts/
cm/cmtt8.pfb></usr/share/texlive/texmf-dist/fonts/type1/public/amsfonts/latxfon
t/lcircle1.pfb></usr/share/texlive/texmf-dist/fonts/type1/public/amsfonts/latxf
ont/line10.pfb>
Output written on dissertation.pdf (23 pages, 2265155 bytes).
PDF statistics:
 385 PDF objects out of 1000 (max. 8388607)
 308 compressed objects within 4 object streams
 58 named destinations out of 1000 (max. 500000)
 250 words of extra memory for PDF output out of 10000 (max. 10000000)

